Log file open, 11/29/16 01:46:41
LogInit:Display: Running engine for game: PJS_Effect_Pack_UE4
LogPlatformFile: Not using cached read wrapper
LogInit:Display: RandInit(-778760450) SRandInit(-778760449).
LogTaskGraph: Started task graph with 5 named threads and 6 total threads with 1 sets of task threads.
LogStats: Stats thread started at 0.082690
LogPluginManager: Loaded Plugin Paper2D, From C:/Program Files (x86)/Epic Games/4.14/Engine/Plugins/2D/Paper2D/Paper2D.uplugin
LogPluginManager: Loaded Plugin LightPropagationVolume, From C:/Program Files (x86)/Epic Games/4.14/Engine/Plugins/Blendables/LightPropagationVolume/LightPropagationVolume.uplugin
LogPluginManager: Loaded Plugin BlankPlugin, From C:/Program Files (x86)/Epic Games/4.14/Engine/Plugins/Developer/BlankPlugin/BlankPlugin.uplugin
LogPluginManager: Loaded Plugin CodeLiteSourceCodeAccess, From C:/Program Files (x86)/Epic Games/4.14/Engine/Plugins/Developer/CodeLiteSourceCodeAccess/CodeLiteSourceCodeAccess.uplugin
LogPluginManager: Loaded Plugin GitSourceControl, From C:/Program Files (x86)/Epic Games/4.14/Engine/Plugins/Developer/GitSourceControl/GitSourceControl.uplugin
LogPluginManager: Loaded Plugin KDevelopSourceCodeAccess, From C:/Program Files (x86)/Epic Games/4.14/Engine/Plugins/Developer/KDevelopSourceCodeAccess/KDevelopSourceCodeAccess.uplugin
LogPluginManager: Loaded Plugin NullSourceCodeAccess, From C:/Program Files (x86)/Epic Games/4.14/Engine/Plugins/Developer/NullSourceCodeAccess/NullSourceCodeAccess.uplugin
LogPluginManager: Loaded Plugin OneSkyLocalizationService, From C:/Program Files (x86)/Epic Games/4.14/Engine/Plugins/Developer/OneSkyLocalizationService/OneSkyLocalizationService.uplugin
LogPluginManager: Loaded Plugin PerforceSourceControl, From C:/Program Files (x86)/Epic Games/4.14/Engine/Plugins/Developer/PerforceSourceControl/PerforceSourceControl.uplugin
LogPluginManager: Loaded Plugin SubversionSourceControl, From C:/Program Files (x86)/Epic Games/4.14/Engine/Plugins/Developer/SubversionSourceControl/SubversionSourceControl.uplugin
LogPluginManager: Loaded Plugin UObjectPlugin, From C:/Program Files (x86)/Epic Games/4.14/Engine/Plugins/Developer/UObjectPlugin/UObjectPlugin.uplugin
LogPluginManager: Loaded Plugin VisualStudioSourceCodeAccess, From C:/Program Files (x86)/Epic Games/4.14/Engine/Plugins/Developer/VisualStudioSourceCodeAccess/VisualStudioSourceCodeAccess.uplugin
LogPluginManager: Loaded Plugin XCodeSourceCodeAccess, From C:/Program Files (x86)/Epic Games/4.14/Engine/Plugins/Developer/XCodeSourceCodeAccess/XCodeSourceCodeAccess.uplugin
LogPluginManager: Loaded Plugin AudioCapture, From C:/Program Files (x86)/Epic Games/4.14/Engine/Plugins/Editor/AudioCapture/AudioCapture.uplugin
LogPluginManager: Loaded Plugin EpicSurvey, From C:/Program Files (x86)/Epic Games/4.14/Engine/Plugins/Editor/EpicSurvey/EpicSurvey.uplugin
LogPluginManager: Loaded Plugin MacGraphicsSwitching, From C:/Program Files (x86)/Epic Games/4.14/Engine/Plugins/Editor/MacGraphicsSwitching/MacGraphicsSwitching.uplugin
LogPluginManager: Loaded Plugin MobileLauncherProfileWizard, From C:/Program Files (x86)/Epic Games/4.14/Engine/Plugins/Editor/MobileLauncherProfileWizard/MobileLauncherProfileWizard.uplugin
LogPluginManager: Loaded Plugin PluginBrowser, From C:/Program Files (x86)/Epic Games/4.14/Engine/Plugins/Editor/PluginBrowser/PluginBrowser.uplugin
LogPluginManager: Loaded Plugin SpeedTreeImporter, From C:/Program Files (x86)/Epic Games/4.14/Engine/Plugins/Editor/SpeedTreeImporter/SpeedTreeImporter.uplugin
LogPluginManager: Loaded Plugin SuperSearchEditor, From C:/Program Files (x86)/Epic Games/4.14/Engine/Plugins/Editor/SuperSearchEditor/SuperSearchEditor.uplugin
LogPluginManager: Loaded Plugin AlembicImporter, From C:/Program Files (x86)/Epic Games/4.14/Engine/Plugins/Experimental/AlembicImporter/AlembicImporter.uplugin
LogPluginManager: Loaded Plugin BlueprintStats, From C:/Program Files (x86)/Epic Games/4.14/Engine/Plugins/Experimental/BlueprintStats/BlueprintStats.uplugin
LogPluginManager: Loaded Plugin CharacterAI, From C:/Program Files (x86)/Epic Games/4.14/Engine/Plugins/Experimental/CharacterAI/CharacterAI.uplugin
LogPluginManager: Loaded Plugin CodeEditor, From C:/Program Files (x86)/Epic Games/4.14/Engine/Plugins/Experimental/CodeEditor/CodeEditor.uplugin
LogPluginManager: Loaded Plugin CodeView, From C:/Program Files (x86)/Epic Games/4.14/Engine/Plugins/Experimental/CodeView/CodeView.uplugin
LogPluginManager: Loaded Plugin HTML5Networking, From C:/Program Files (x86)/Epic Games/4.14/Engine/Plugins/Experimental/HTML5Networking/HTML5Networking.uplugin
LogPluginManager: Loaded Plugin OSVR, From C:/Program Files (x86)/Epic Games/4.14/Engine/Plugins/Experimental/OSVR/OSVR.uplugin
LogPluginManager: Loaded Plugin Phya, From C:/Program Files (x86)/Epic Games/4.14/Engine/Plugins/Experimental/Phya/Phya.uplugin
LogPluginManager: Loaded Plugin SignificanceManager, From C:/Program Files (x86)/Epic Games/4.14/Engine/Plugins/Experimental/SignificanceManager/SignificanceManager.uplugin
LogPluginManager: Loaded Plugin SimpleHMD, From C:/Program Files (x86)/Epic Games/4.14/Engine/Plugins/Experimental/SimpleHMD/SimpleHMD.uplugin
LogPluginManager: Loaded Plugin StereoPanorama, From C:/Program Files (x86)/Epic Games/4.14/Engine/Plugins/Experimental/StereoPanorama/StereoPanorama.uplugin
LogPluginManager: Loaded Plugin StructBox, From C:/Program Files (x86)/Epic Games/4.14/Engine/Plugins/Experimental/StructBox/StructBox.uplugin
LogPluginManager: Loaded Plugin AndroidMedia, From C:/Program Files (x86)/Epic Games/4.14/Engine/Plugins/Media/AndroidMedia/AndroidMedia.uplugin
LogPluginManager: Loaded Plugin AvfMedia, From C:/Program Files (x86)/Epic Games/4.14/Engine/Plugins/Media/AvfMedia/AvfMedia.uplugin
LogPluginManager: Loaded Plugin MediaPlayerEditor, From C:/Program Files (x86)/Epic Games/4.14/Engine/Plugins/Media/MediaPlayerEditor/MediaPlayerEditor.uplugin
LogPluginManager: Loaded Plugin WmfMedia, From C:/Program Files (x86)/Epic Games/4.14/Engine/Plugins/Media/WmfMedia/WmfMedia.uplugin
LogPluginManager: Loaded Plugin MessagingDebugger, From C:/Program Files (x86)/Epic Games/4.14/Engine/Plugins/Messaging/MessagingDebugger/MessagingDebugger.uplugin
LogPluginManager: Loaded Plugin TcpMessaging, From C:/Program Files (x86)/Epic Games/4.14/Engine/Plugins/Messaging/TcpMessaging/TcpMessaging.uplugin
LogPluginManager: Loaded Plugin UdpMessaging, From C:/Program Files (x86)/Epic Games/4.14/Engine/Plugins/Messaging/UdpMessaging/UdpMessaging.uplugin
LogPluginManager: Loaded Plugin LevelSequenceEditor, From C:/Program Files (x86)/Epic Games/4.14/Engine/Plugins/MovieScene/LevelSequenceEditor/LevelSequenceEditor.uplugin
LogPluginManager: Loaded Plugin MatineeToLevelSequence, From C:/Program Files (x86)/Epic Games/4.14/Engine/Plugins/MovieScene/MatineeToLevelSequence/MatineeToLevelSequence.uplugin
LogPluginManager: Loaded Plugin NetcodeUnitTest, From C:/Program Files (x86)/Epic Games/4.14/Engine/Plugins/NetcodeUnitTest/NetcodeUnitTest/NetcodeUnitTest.uplugin
LogPluginManager: Loaded Plugin NUTUnrealEngine4, From C:/Program Files (x86)/Epic Games/4.14/Engine/Plugins/NetcodeUnitTest/NUTUnrealEngine4/NUTUnrealEngine4.uplugin
LogPluginManager: Loaded Plugin OnlineSubsystemGameCircle, From C:/Program Files (x86)/Epic Games/4.14/Engine/Plugins/Online/Android/OnlineSubsystemGameCircle/OnlineSubsystemGameCircle.uplugin
LogPluginManager: Loaded Plugin OnlineSubsystemGooglePlay, From C:/Program Files (x86)/Epic Games/4.14/Engine/Plugins/Online/Android/OnlineSubsystemGooglePlay/OnlineSubsystemGooglePlay.uplugin
LogPluginManager: Loaded Plugin OnlineSubsystemIOS, From C:/Program Files (x86)/Epic Games/4.14/Engine/Plugins/Online/IOS/OnlineSubsystemIOS/OnlineSubsystemIOS.uplugin
LogPluginManager: Loaded Plugin OnlineFramework, From C:/Program Files (x86)/Epic Games/4.14/Engine/Plugins/Online/OnlineFramework/OnlineFramework.uplugin
LogPluginManager: Loaded Plugin OnlineSubsystem, From C:/Program Files (x86)/Epic Games/4.14/Engine/Plugins/Online/OnlineSubsystem/OnlineSubsystem.uplugin
LogPluginManager: Loaded Plugin OnlineSubsystemAmazon, From C:/Program Files (x86)/Epic Games/4.14/Engine/Plugins/Online/OnlineSubsystemAmazon/OnlineSubsystemAmazon.uplugin
LogPluginManager: Loaded Plugin OnlineSubsystemFacebook, From C:/Program Files (x86)/Epic Games/4.14/Engine/Plugins/Online/OnlineSubsystemFacebook/OnlineSubsystemFacebook.uplugin
LogPluginManager: Loaded Plugin OnlineSubsystemNull, From C:/Program Files (x86)/Epic Games/4.14/Engine/Plugins/Online/OnlineSubsystemNull/OnlineSubsystemNull.uplugin
LogPluginManager: Loaded Plugin OnlineSubsystemOculus, From C:/Program Files (x86)/Epic Games/4.14/Engine/Plugins/Online/OnlineSubsystemOculus/OnlineSubsystemOculus.uplugin
LogPluginManager: Loaded Plugin OnlineSubsystemSteam, From C:/Program Files (x86)/Epic Games/4.14/Engine/Plugins/Online/OnlineSubsystemSteam/OnlineSubsystemSteam.uplugin
LogPluginManager: Loaded Plugin OnlineSubsystemUtils, From C:/Program Files (x86)/Epic Games/4.14/Engine/Plugins/Online/OnlineSubsystemUtils/OnlineSubsystemUtils.uplugin
LogPluginManager: Loaded Plugin IOSTapJoy, From C:/Program Files (x86)/Epic Games/4.14/Engine/Plugins/Runtime/Advertising/IOSTapJoy/IOSTapJoy.uplugin
LogPluginManager: Loaded Plugin AnalyticsBlueprintLibrary, From C:/Program Files (x86)/Epic Games/4.14/Engine/Plugins/Runtime/Analytics/AnalyticsBlueprintLibrary/AnalyticsBlueprintLibrary.uplugin
LogPluginManager: Loaded Plugin AnalyticsMulticast, From C:/Program Files (x86)/Epic Games/4.14/Engine/Plugins/Runtime/Analytics/AnalyticsMulticast/AnalyticsMulticast.uplugin
LogPluginManager: Loaded Plugin Apsalar, From C:/Program Files (x86)/Epic Games/4.14/Engine/Plugins/Runtime/Analytics/Apsalar/Apsalar.uplugin
LogPluginManager: Loaded Plugin FileLogging, From C:/Program Files (x86)/Epic Games/4.14/Engine/Plugins/Runtime/Analytics/FileLogging/FileLogging.uplugin
LogPluginManager: Loaded Plugin Flurry, From C:/Program Files (x86)/Epic Games/4.14/Engine/Plugins/Runtime/Analytics/Flurry/Flurry.uplugin
LogPluginManager: Loaded Plugin AndroidDeviceProfileSelector, From C:/Program Files (x86)/Epic Games/4.14/Engine/Plugins/Runtime/AndroidDeviceProfileSelector/AndroidDeviceProfileSelector.uplugin
LogPluginManager: Loaded Plugin AndroidMoviePlayer, From C:/Program Files (x86)/Epic Games/4.14/Engine/Plugins/Runtime/AndroidMoviePlayer/AndroidMoviePlayer.uplugin
LogPluginManager: Loaded Plugin AppleMoviePlayer, From C:/Program Files (x86)/Epic Games/4.14/Engine/Plugins/Runtime/AppleMoviePlayer/AppleMoviePlayer.uplugin
LogPluginManager: Loaded Plugin ArchVisCharacter, From C:/Program Files (x86)/Epic Games/4.14/Engine/Plugins/Runtime/ArchVisCharacter/ArchVisCharacter.uplugin
LogPluginManager: Loaded Plugin CableComponent, From C:/Program Files (x86)/Epic Games/4.14/Engine/Plugins/Runtime/CableComponent/CableComponent.uplugin
LogPluginManager: Loaded Plugin CustomMeshComponent, From C:/Program Files (x86)/Epic Games/4.14/Engine/Plugins/Runtime/CustomMeshComponent/CustomMeshComponent.uplugin
LogPluginManager: Loaded Plugin ExampleDeviceProfileSelector, From C:/Program Files (x86)/Epic Games/4.14/Engine/Plugins/Runtime/ExampleDeviceProfileSelector/ExampleDeviceProfileSelector.uplugin
LogPluginManager: Loaded Plugin GearVR, From C:/Program Files (x86)/Epic Games/4.14/Engine/Plugins/Runtime/GearVR/GearVR.uplugin
LogPluginManager: Loaded Plugin GoogleVRController, From C:/Program Files (x86)/Epic Games/4.14/Engine/Plugins/Runtime/GoogleVR/GoogleVRController/GoogleVRController.uplugin
LogPluginManager: Loaded Plugin GoogleVRHMD, From C:/Program Files (x86)/Epic Games/4.14/Engine/Plugins/Runtime/GoogleVR/GoogleVRHMD/GoogleVRHMD.uplugin
LogPluginManager: Loaded Plugin IOSDeviceProfileSelector, From C:/Program Files (x86)/Epic Games/4.14/Engine/Plugins/Runtime/IOSDeviceProfileSelector/IOSDeviceProfileSelector.uplugin
LogPluginManager: Loaded Plugin LeapMotion, From C:/Program Files (x86)/Epic Games/4.14/Engine/Plugins/Runtime/LeapMotion/LeapMotion.uplugin
LogPluginManager: Loaded Plugin LinuxDeviceProfileSelector, From C:/Program Files (x86)/Epic Games/4.14/Engine/Plugins/Runtime/LinuxDeviceProfileSelector/LinuxDeviceProfileSelector.uplugin
LogPluginManager: Loaded Plugin MIDIDevice, From C:/Program Files (x86)/Epic Games/4.14/Engine/Plugins/Runtime/MIDIDevice/MIDIDevice.uplugin
LogPluginManager: Loaded Plugin MobilePatchingUtils, From C:/Program Files (x86)/Epic Games/4.14/Engine/Plugins/Runtime/MobilePatchingUtils/MobilePatchingUtils.uplugin
LogPluginManager: Loaded Plugin Ansel, From C:/Program Files (x86)/Epic Games/4.14/Engine/Plugins/Runtime/Nvidia/Ansel/Ansel.uplugin
LogPluginManager: Loaded Plugin OculusAudio, From C:/Program Files (x86)/Epic Games/4.14/Engine/Plugins/Runtime/OculusAudio/OculusAudio.uplugin
LogPluginManager: Loaded Plugin OculusInput, From C:/Program Files (x86)/Epic Games/4.14/Engine/Plugins/Runtime/OculusInput/OculusInput.uplugin
LogPluginManager: Loaded Plugin OculusLibrary, From C:/Program Files (x86)/Epic Games/4.14/Engine/Plugins/Runtime/OculusLibrary/OculusLibrary.uplugin
LogPluginManager: Loaded Plugin OculusRift, From C:/Program Files (x86)/Epic Games/4.14/Engine/Plugins/Runtime/OculusRift/OculusRift.uplugin
LogPluginManager: Loaded Plugin Oodle, From C:/Program Files (x86)/Epic Games/4.14/Engine/Plugins/Runtime/PacketHandlers/CompressionComponents/Oodle/Oodle.uplugin
LogPluginManager: Loaded Plugin ProceduralMeshComponent, From C:/Program Files (x86)/Epic Games/4.14/Engine/Plugins/Runtime/ProceduralMeshComponent/ProceduralMeshComponent.uplugin
LogPluginManager: Loaded Plugin SoundMod, From C:/Program Files (x86)/Epic Games/4.14/Engine/Plugins/Runtime/SoundMod/SoundMod.uplugin
LogPluginManager: Loaded Plugin SoundVisualizations, From C:/Program Files (x86)/Epic Games/4.14/Engine/Plugins/Runtime/SoundVisualizations/SoundVisualizations.uplugin
LogPluginManager: Loaded Plugin SteamController, From C:/Program Files (x86)/Epic Games/4.14/Engine/Plugins/Runtime/Steam/SteamController/SteamController.uplugin
LogPluginManager: Loaded Plugin SteamVR, From C:/Program Files (x86)/Epic Games/4.14/Engine/Plugins/Runtime/Steam/SteamVR/SteamVR.uplugin
LogPluginManager: Loaded Plugin WebBrowserWidget, From C:/Program Files (x86)/Epic Games/4.14/Engine/Plugins/Runtime/WebBrowserWidget/WebBrowserWidget.uplugin
LogPluginManager: Loaded Plugin WindowsDeviceProfileSelector, From C:/Program Files (x86)/Epic Games/4.14/Engine/Plugins/Runtime/WindowsDeviceProfileSelector/WindowsDeviceProfileSelector.uplugin
LogPluginManager: Loaded Plugin WindowsMoviePlayer, From C:/Program Files (x86)/Epic Games/4.14/Engine/Plugins/Runtime/WindowsMoviePlayer/WindowsMoviePlayer.uplugin
LogPluginManager: Loaded Plugin ScriptPlugin, From C:/Program Files (x86)/Epic Games/4.14/Engine/Plugins/ScriptPlugin/ScriptPlugin.uplugin
LogPluginManager: Loaded Plugin SlateRemote, From C:/Program Files (x86)/Epic Games/4.14/Engine/Plugins/Slate/SlateRemote/SlateRemote.uplugin
LogPluginManager: Loaded Plugin EditorTests, From C:/Program Files (x86)/Epic Games/4.14/Engine/Plugins/Tests/EditorTests/EditorTests.uplugin
LogPluginManager: Loaded Plugin FbxAutomationTestBuilder, From C:/Program Files (x86)/Epic Games/4.14/Engine/Plugins/Tests/FbxAutomationTestBuilder/FbxAutomationTestBuilder.uplugin
LogPluginManager: Loaded Plugin FunctionalTestingEditor, From C:/Program Files (x86)/Epic Games/4.14/Engine/Plugins/Tests/FunctionalTestingEditor/FunctionalTestingEditor.uplugin
LogPluginManager: Loaded Plugin RuntimeTests, From C:/Program Files (x86)/Epic Games/4.14/Engine/Plugins/Tests/RuntimeTests/RuntimeTests.uplugin
LogPluginManager: Loaded Plugin ScreenshotTools, From C:/Program Files (x86)/Epic Games/4.14/Engine/Plugins/Tests/ScreenshotTools/ScreenshotTools.uplugin
LogInit: Using libcurl 7.47.1
LogInit:  - built for x86_64-pc-win32
LogInit:  - supports SSL with OpenSSL/1.0.2g
LogInit:  - supports HTTP deflate (compression) using libz 1.2.8
LogInit:  - other features:
LogInit:      CURL_VERSION_SSL
LogInit:      CURL_VERSION_LIBZ
LogInit:      CURL_VERSION_IPV6
LogInit:      CURL_VERSION_ASYNCHDNS
LogInit:      CURL_VERSION_LARGEFILE
LogInit:      CURL_VERSION_IDN
LogInit:  CurlRequestOptions (configurable via config and command line):
LogInit:  - bVerifyPeer = false  - Libcurl will NOT verify peer certificate
LogInit:  - bUseHttpProxy = false  - Libcurl will NOT use HTTP proxy
LogInit:  - bDontReuseConnections = false  - Libcurl will reuse connections
LogInit:  - CertBundlePath = nullptr  - Libcurl will use whatever was configured at build time.
LogInit: Build: ++UE4+Release-4.14-CL-3195953
LogInit: Engine Version: 4.14.0-3195953+++UE4+Release-4.14
LogInit: Compatible Engine Version: 4.14.0-3195953+++UE4+Release-4.14
LogInit: Net CL: 3195953
LogDevObjectVersion: Number of dev versions registered: 13
LogDevObjectVersion:   Dev-Blueprints (B0D832E4-1F89-4F0D-ACCF-7EB736FD4AA2): 7
LogDevObjectVersion:   Dev-Build (E1C64328-A22C-4D53-A36C-8E866417BD8C): 0
LogDevObjectVersion:   Dev-Core (375EC13C-06E4-48FB-B500-84F0262A717E): 1
LogDevObjectVersion:   Dev-Editor (E4B068ED-F494-42E9-A231-DA0B2E46BB41): 8
LogDevObjectVersion:   Dev-Framework (CFFC743F-43B0-4480-9391-14DF171D2073): 17
LogDevObjectVersion:   Dev-Mobile (B02B49B5-BB20-44E9-A304-32B752E40360): 0
LogDevObjectVersion:   Dev-Networking (A4E4105C-59A1-49B5-A7C5-40C4547EDFEE): 0
LogDevObjectVersion:   Dev-Online (39C831C9-5AE6-47DC-9A44-9C173E1C8E7C): 0
LogDevObjectVersion:   Dev-Physics (78F01B33-EBEA-4F98-B9B4-84EACCB95AA2): 0
LogDevObjectVersion:   Dev-Platform (6631380F-2D4D-43E0-8009-CF276956A95A): 0
LogDevObjectVersion:   Dev-Rendering (12F88B9F-8875-4AFC-A67C-D90C383ABD29): 12
LogDevObjectVersion:   Dev-Sequencer (7B5AE74C-D270-4C10-A958-57980B212A5A): 1
LogDevObjectVersion:   Dev-VR (D7296918-1DD6-4BDD-9DE2-64A83CC13884): 0
LogInit: Compiled (64-bit): Nov 12 2016 02:14:10
LogInit: Compiled with Visual C++: 19.00.23026.00
LogInit: Build Configuration: Development
LogInit: Branch Name: ++UE4+Release-4.14
LogInit: Command line: -EpicPortal 
LogInit: Base directory: C:/Program Files (x86)/Epic Games/4.14/Engine/Binaries/Win64/
LogInit: Installed Engine Build: 1
LogInit: Presizing for max 8388607 objects, including 0 objects not considered by GC, pre-allocating 0 bytes for permanent pool.
LogInit: Object subsystem initialized
[2016.11.28-16.46.42:204][  0]LogInit: Selected Device Profile: [Windows]
[2016.11.28-16.46.42:204][  0]LogInit: Applying CVar settings loaded from the selected device profile: [Windows]
[2016.11.28-16.46.42:280][  0]LogInit: Computer: SHINSO_
[2016.11.28-16.46.42:281][  0]LogInit: User: shinso
[2016.11.28-16.46.42:281][  0]LogInit: CPU Page size=65536, Cores=2
[2016.11.28-16.46.42:281][  0]LogInit: High frequency timer resolution =3.704018 MHz
[2016.11.28-16.46.42:281][  0]LogMemory: Memory total: Physical=7.9GB (8GB approx)
[2016.11.28-16.46.42:281][  0]LogMemory: Platform Memory Stats for Windows
[2016.11.28-16.46.42:281][  0]LogMemory: Process Physical Memory: 262.73 MB used, 262.73 MB peak
[2016.11.28-16.46.42:281][  0]LogMemory: Process Virtual Memory: 261.98 MB used, 261.98 MB peak
[2016.11.28-16.46.42:281][  0]LogMemory: Physical Memory: 3416.17 MB used,  4708.99 MB free, 8125.16 MB total
[2016.11.28-16.46.42:281][  0]LogMemory: Virtual Memory: 652.23 MB used,  4708.99 MB free, 134217728.00 MB total
[2016.11.28-16.46.42:329][  0]LogTextLocalizationManager: No specific translations for ('ko-KR') exist, so ('ko') translations will be used.
[2016.11.28-16.46.42:377][  0]LogTextLocalizationManager:Warning: Loaded localization resources contain conflicting entries for (Namespace:KismetSchema, Key:Default):
Localization Resource: (C:/Program Files (x86)/Epic Games/4.14/Engine/Content/Localization/EditorTutorials/ko/EditorTutorials.locres) Source String Hash: (940523119) Localized String: (디폴트)
Localization Resource: (C:/Program Files (x86)/Epic Games/4.14/Engine/Content/Localization/Engine/ko/Engine.locres) Source String Hash: (940523119) Localized String: (기본)
[2016.11.28-16.46.42:377][  0]LogTextLocalizationManager:Warning: Loaded localization resources contain conflicting entries for (Namespace:UObjectToolTips, Key:AnimNode_AssetPlayerBase:InternalTimeAccumulator):
Localization Resource: (C:/Program Files (x86)/Epic Games/4.14/Engine/Content/Localization/EditorTutorials/ko/EditorTutorials.locres) Source String Hash: (502993589) Localized String: (이 노드에서 애셋을 레퍼런싱하는 데 사용되는 누적 시간입니다.)
Localization Resource: (C:/Program Files (x86)/Epic Games/4.14/Engine/Content/Localization/Engine/ko/Engine.locres) Source String Hash: (502993589) Localized String: (이 노드에서 애셋을 레퍼런싱하는 데 사용된 누적 시간입니다.)
[2016.11.28-16.46.42:377][  0]LogTextLocalizationManager:Warning: Loaded localization resources contain conflicting entries for (Namespace:UObjectToolTips, Key:AnimNode_AssetPlayerBase:bIgnoreForRelevancyTest):
Localization Resource: (C:/Program Files (x86)/Epic Games/4.14/Engine/Content/Localization/EditorTutorials/ko/EditorTutorials.locres) Source String Hash: (319969718) Localized String: (True 면, 스테이트에서 최고 가중치 애니메이션을 찾는 "Relevant anim" 노드는 이 노드를 무시합니다.
 )
Localization Resource: (C:/Program Files (x86)/Epic Games/4.14/Engine/Content/Localization/Engine/ko/Engine.locres) Source String Hash: (319969718) Localized String: (True 면 스테이트 내 최고 웨이팅된 애니메이션을 찾는 "Relevant anim" 노드가 무시됩니다.
 )
[2016.11.28-16.46.42:377][  0]LogTextLocalizationManager:Warning: Loaded localization resources contain conflicting entries for (Namespace:UObjectToolTips, Key:AnimNode_AssetPlayerBase:BlendWeight):
Localization Resource: (C:/Program Files (x86)/Epic Games/4.14/Engine/Content/Localization/EditorTutorials/ko/EditorTutorials.locres) Source String Hash: (-1232800293) Localized String: (이 노드에 마지막 걸린 블렌드웨이트 입니다.)
Localization Resource: (C:/Program Files (x86)/Epic Games/4.14/Engine/Content/Localization/Engine/ko/Engine.locres) Source String Hash: (-1232800293) Localized String: (이 노드에 대해 마지막 접한 블렌드 웨이트)
[2016.11.28-16.46.43:100][  0]LogD3D11RHI: D3D11 adapters:
[2016.11.28-16.46.43:118][  0]LogD3D11RHI:    0. 'AMD Radeon R7 200 Series' (Feature Level 11_0)
[2016.11.28-16.46.43:118][  0]LogD3D11RHI:       1002/0/3840 MB DedicatedVideo/DedicatedSystem/SharedSystem, Outputs:2, VendorId:0x1002
[2016.11.28-16.46.43:119][  0]LogD3D11RHI:    1. 'Microsoft Basic Render Driver' (Feature Level 11_0)
[2016.11.28-16.46.43:119][  0]LogD3D11RHI:       0/0/256 MB DedicatedVideo/DedicatedSystem/SharedSystem, Outputs:0, VendorId:0x1414
[2016.11.28-16.46.43:119][  0]LogD3D11RHI: Chosen D3D11 Adapter: 0
[2016.11.28-16.46.43:125][  0]LogD3D11RHI: Creating new Direct3DDevice
[2016.11.28-16.46.43:125][  0]LogD3D11RHI:     GPU DeviceId: 0x683d (for the marketing name, search the web for "GPU Device Id")
[2016.11.28-16.46.43:125][  0]LogWindows: EnumDisplayDevices:
[2016.11.28-16.46.43:125][  0]LogWindows:    0. 'AMD Radeon R7 200 Series' (P:1 D:1)
[2016.11.28-16.46.43:126][  0]LogWindows:    1. 'AMD Radeon R7 200 Series' (P:0 D:1)
[2016.11.28-16.46.43:126][  0]LogWindows:    2. 'AMD Radeon R7 200 Series' (P:0 D:0)
[2016.11.28-16.46.43:126][  0]LogWindows:    3. 'AMD Radeon R7 200 Series' (P:0 D:0)
[2016.11.28-16.46.43:127][  0]LogWindows: DebugString: FoundDriverCount:4 
[2016.11.28-16.46.43:127][  0]LogD3D11RHI:     Adapter Name: AMD Radeon R7 200 Series
[2016.11.28-16.46.43:127][  0]LogD3D11RHI:   Driver Version: Crimson 16.11.3 (internal:21.19.160.769, unified:21.19.160.769)
[2016.11.28-16.46.43:127][  0]LogD3D11RHI:      Driver Date: 11-8-2016
[2016.11.28-16.46.43:127][  0]LogRHI: Texture pool is 701 MB (70% of 1002 MB)
[2016.11.28-16.46.43:140][  0]LogD3D11RHI: Async texture creation enabled
[2016.11.28-16.46.43:153][  0]LogD3D11RHI: GPU Timing Frequency: 27.000000 (Debug: 2 1)
[2016.11.28-16.46.43:154][  0]LogShaderCompilers: Guid format shader working directory is -21 characters bigger than the processId version (../../../../../../Users/shinso/Desktop/UE4_effect/PJS_Effect_Pack_UE4/Intermediate/Shaders/WorkingDirectory/380/).
[2016.11.28-16.46.43:154][  0]LogShaderCompilers: Cleaned the shader compiler working directory 'C:/Users/shinso/AppData/Local/Temp/UnrealShaderWorkingDir/0BE96EB041FE7BE3730C76B24EE90BA4/'.
[2016.11.28-16.46.43:154][  0]LogShaderCompilers:Display: Using Local Shader Compiler.
[2016.11.28-16.46.45:016][  0]LogTemp:Display: Loaded TP AllDesktopTargetPlatform
[2016.11.28-16.46.45:155][  0]LogTemp:Display: Loaded TP MacClientTargetPlatform
[2016.11.28-16.46.45:334][  0]LogTemp:Display: Loaded TP MacNoEditorTargetPlatform
[2016.11.28-16.46.45:479][  0]LogTemp:Display: Loaded TP MacServerTargetPlatform
[2016.11.28-16.46.45:616][  0]LogTemp:Display: Loaded TP MacTargetPlatform
[2016.11.28-16.46.45:772][  0]LogTemp:Display: Loaded TP WindowsClientTargetPlatform
[2016.11.28-16.46.46:100][  0]LogTemp:Display: Loaded TP WindowsNoEditorTargetPlatform
[2016.11.28-16.46.46:275][  0]LogTemp:Display: Loaded TP WindowsServerTargetPlatform
[2016.11.28-16.46.46:469][  0]LogTemp:Display: Loaded TP WindowsTargetPlatform
[2016.11.28-16.46.46:629][  0]LogTemp:Display: Loaded TP AndroidTargetPlatform
[2016.11.28-16.46.46:772][  0]LogTemp:Display: Loaded TP Android_ASTCTargetPlatform
[2016.11.28-16.46.46:912][  0]LogTemp:Display: Loaded TP Android_ATCTargetPlatform
[2016.11.28-16.46.47:059][  0]LogTemp:Display: Loaded TP Android_DXTTargetPlatform
[2016.11.28-16.46.47:192][  0]LogTemp:Display: Loaded TP Android_ETC1TargetPlatform
[2016.11.28-16.46.47:324][  0]LogTemp:Display: Loaded TP Android_ETC2TargetPlatform
[2016.11.28-16.46.47:623][  0]LogTemp:Display: Loaded TP Android_MultiTargetPlatform
[2016.11.28-16.46.47:623][  0]LogTemp:Display: Loaded TP Android_PVRTCTargetPlatform
[2016.11.28-16.46.47:733][  0]LogTemp:Display: Loaded TP HTML5TargetPlatform
[2016.11.28-16.46.47:933][  0]LogTemp:Display: Loaded TP IOSTargetPlatform
[2016.11.28-16.46.48:013][  0]LogTemp:Display: Loaded TP TVOSTargetPlatform
[2016.11.28-16.46.48:151][  0]LogTemp:Display: Loaded TP LinuxClientTargetPlatform
[2016.11.28-16.46.48:284][  0]LogTemp:Display: Loaded TP LinuxNoEditorTargetPlatform
[2016.11.28-16.46.48:414][  0]LogTemp:Display: Loaded TP LinuxServerTargetPlatform
[2016.11.28-16.46.48:548][  0]LogTemp:Display: Loaded TP LinuxTargetPlatform
[2016.11.28-16.46.48:548][  0]LogTargetPlatformManager:Display: Building Assets For Windows
[2016.11.28-16.46.49:753][  0]LogDerivedDataCache:Display: Max Cache Size: 512 MB
[2016.11.28-16.46.49:888][  0]LogDerivedDataCache: Loaded boot cache 0.13s 64MB C:/Users/shinso/AppData/Local/UnrealEngine/4.14/DerivedDataCache/Boot.ddc.
[2016.11.28-16.46.49:888][  0]LogDerivedDataCache:Display: Loaded Boot cache: C:/Users/shinso/AppData/Local/UnrealEngine/4.14/DerivedDataCache/Boot.ddc
[2016.11.28-16.46.49:888][  0]LogDerivedDataCache: FDerivedDataBackendGraph:  Pak pak cache file ../../../../../../Users/shinso/Desktop/UE4_effect/PJS_Effect_Pack_UE4/DerivedDataCache/DDC.ddp not found, will not use a pak cache.
[2016.11.28-16.46.49:888][  0]LogDerivedDataCache: Unable to find inner node Pak for hierarchical cache Hierarchy.
[2016.11.28-16.46.49:888][  0]LogDerivedDataCache: FDerivedDataBackendGraph:  CompressedPak pak cache file ../../../../../../Users/shinso/Desktop/UE4_effect/PJS_Effect_Pack_UE4/DerivedDataCache/Compressed.ddp not found, will not use a pak cache.
[2016.11.28-16.46.49:888][  0]LogDerivedDataCache: Unable to find inner node CompressedPak for hierarchical cache Hierarchy.
[2016.11.28-16.46.49:916][  0]LogDerivedDataCache:Display: Pak cache opened for reading ../../../Engine/DerivedDataCache/Compressed.ddp.
[2016.11.28-16.46.49:930][  0]LogDerivedDataCache: Using Local data cache path C:/Users/shinso/AppData/Local/UnrealEngine/Common/DerivedDataCache: Writable
[2016.11.28-16.46.50:384][  0]LogInit: Selected Device Profile: [Windows]
[2016.11.28-16.46.50:388][  0]LogContentStreaming: Texture pool size is 0.00 MB
[2016.11.28-16.46.51:225][  0]LogMeshUtilities: Using QuadricMeshReduction for automatic static mesh reduction
[2016.11.28-16.46.51:352][  0]LogSimplygon: Simplygon DLL not present - disabling.
[2016.11.28-16.46.51:474][  0]LogMeshUtilities: Using SimplygonSwarm for distributed automatic mesh merging
[2016.11.28-16.46.51:474][  0]LogMeshUtilities: No automatic skeletal mesh reduction module available
[2016.11.28-16.46.51:474][  0]LogMeshUtilities: No automatic mesh merging module available
[2016.11.28-16.46.52:954][  0]LogNetVersion: GetLocalNetworkVersion: CL: 3195953, ProjectName: pjs_effect_pack_ue4, ProjectVersion: , EngineNetworkVersion: 2, GameNetworkVersion: 0, NetworkChecksum: 2249696847
[2016.11.28-16.46.53:059][  0]LogAssetRegistry: FAssetRegistry took 0.0225 seconds to start up
[2016.11.28-16.46.53:293][  0]LogPackageLocalizationCache: Processed 3 localized package path(s) for 2 prioritized culture(s) in 0.160222 seconds
[2016.11.28-16.46.53:306][  0]LogUObjectArray: 31946 objects as part of root set at end of initial load.
[2016.11.28-16.46.53:306][  0]LogUObjectAllocator: 6935840 out of 0 bytes used by permanent object pool.
[2016.11.28-16.46.53:306][  0]LogUObjectArray: CloseDisregardForGC: 0/0 objects in disregard for GC pool
[2016.11.28-16.46.53:551][  0]LogInit: WinSock: version 1.1 (2.2), MaxSocks=32767, MaxUdp=65467
[2016.11.28-16.46.56:474][  0]LogSlate: Using Freetype 2.6.0
[2016.11.28-16.46.56:475][  0]LogSlate: SlateFontCache - WITH_FREETYPE: 1, WITH_HARFBUZZ: 1
[2016.11.28-16.46.56:475][  0]LogSlate: SlateFontCache - WITH_FREETYPE: 1, WITH_HARFBUZZ: 1
[2016.11.28-16.46.58:778][  0]LogTcpMessaging: Initializing TcpMessaging bridge
[2016.11.28-16.46.58:891][  0]LogUdpMessaging: Initializing bridge on interface 0.0.0.0:0 to multicast group 230.0.0.1:6666.
[2016.11.28-16.47.00:010][  0]LogMaterial: Uniform references updated for custom material expression Custom.
[2016.11.28-16.47.01:041][  0]SourceControl: 정보 소스 콘트롤이 꺼졌습니다.
[2016.11.28-16.47.01:103][  0]SourceControl: 정보 소스 콘트롤이 꺼졌습니다.
[2016.11.28-16.47.01:241][  0]SourceControl: 정보 소스 콘트롤이 꺼졌습니다.
[2016.11.28-16.47.01:377][  0]SourceControl: 정보 소스 콘트롤이 꺼졌습니다.
[2016.11.28-16.47.04:972][  0]LogEngine: Initializing Engine...
[2016.11.28-16.47.04:973][  0]LogHMD: Failed to initialize OpenVR with code 110
[2016.11.28-16.47.05:538][  0]LogAIModule: Creating AISystem for world Untitled
[2016.11.28-16.47.05:556][  0]LogInit: XAudio2 using '스피커(High Definition Audio 장치)' : 2 channels at 44.1 kHz using 16 bits per sample (channel mask 0x3)
[2016.11.28-16.47.05:571][  0]LogInit: FAudioDevice initialized.
[2016.11.28-16.47.05:627][  0]LogDerivedDataCache: Saved boot cache 0.06s 50MB C:/Users/shinso/AppData/Local/UnrealEngine/4.14/DerivedDataCache/Boot.ddc.
[2016.11.28-16.47.05:643][  0]LogInit: Texture streaming: Enabled
[2016.11.28-16.47.06:329][  0]LogInit: Transaction tracking system initialized
[2016.11.28-16.47.07:398][  0]BlueprintLog: New page: 에디터 로드
[2016.11.28-16.47.10:339][  0]LocalizationService: 정보 현지화 서비스가 비활성화되었습니다.
[2016.11.28-16.47.12:321][  0]LogConsoleResponse:Display: 
[2016.11.28-16.47.12:643][  0]LogCook:Display: Max memory allowance for cook 16384mb min free memory 0mb
[2016.11.28-16.47.12:643][  0]LogCook:Display: Mobile HDR setting 0
[2016.11.28-16.47.13:139][  0]LogFileCache: Scanning file cache for directory 'C:/Users/shinso/Desktop/UE4_effect/PJS_Effect_Pack_UE4/Content/' took 0.04s
[2016.11.28-16.47.15:400][  0]SourceControl: 정보 소스 콘트롤이 꺼졌습니다.
[2016.11.28-16.47.15:400][  0]Cmd: MAP LOAD FILE="../../../../../../Users/shinso/Desktop/UE4_effect/PJS_Effect_Pack_UE4/Content/MobileStarterContent/Maps/Minimal_Default.umap" TEMPLATE=0 SHOWPROGRESS=1 FEATURELEVEL=3
[2016.11.28-16.47.15:433][  0]LightingResults: New page: 라이팅 빌드
[2016.11.28-16.47.15:547][  0]MapCheck: New page: 맵 체크
[2016.11.28-16.47.15:547][  0]LightingResults: New page: 라이팅 빌드
[2016.11.28-16.47.16:580][  0]LogAIModule: Creating AISystem for world Minimal_Default
[2016.11.28-16.47.16:690][  0]LogEditorServer: Finished looking for orphan Actors (0.000 secs)
[2016.11.28-16.47.16:700][  0]Cmd: MAP CHECKDEP NOCLEARLOG
[2016.11.28-16.47.16:788][  0]MapCheck: 정보 맵 체크 완료: 오류 0 회, 경고 0 회, 소요 시간 86.707ms.
[2016.11.28-16.47.16:788][  0]LogFileHelpers: Loading map 'Minimal_Default' took 1.388
[2016.11.28-16.47.17:525][  0]LogCollectionManager: Loaded 0 collections in 0.010875 seconds
[2016.11.28-16.47.17:779][  0]LogFileCache: Scanning file cache for directory 'C:/Users/shinso/Desktop/UE4_effect/PJS_Effect_Pack_UE4/Saved/Collections/' took 0.01s
[2016.11.28-16.47.17:779][  0]LogFileCache: Scanning file cache for directory 'C:/Users/shinso/Desktop/UE4_effect/PJS_Effect_Pack_UE4/Content/Developers/shinso/Collections/' took 0.01s
[2016.11.28-16.47.17:779][  0]LogFileCache: Scanning file cache for directory 'C:/Users/shinso/Desktop/UE4_effect/PJS_Effect_Pack_UE4/Content/Collections/' took 0.01s
[2016.11.28-16.47.17:779][  0]LogCollectionManager: Rebuilt the GUID cache for 0 collections in 0.000002 seconds
[2016.11.28-16.47.17:797][  0]LogContentBrowser: Native class hierarchy populated in 0.0151 seconds. Added 2190 classes and 428 folders.
[2016.11.28-16.47.17:960][  0]LogStats: UGameplayTagsManager::ConstructGameplayTagTree: Construct from data asset -  0.000 s
[2016.11.28-16.47.17:960][  0]LogStats: UGameplayTagsManager::ConstructGameplayTagTree: GameplayTagTreeChangedEvent.Broadcast -  0.000 s
[2016.11.28-16.47.17:961][  0]LogContentBrowser: Native class hierarchy updated for 'GameplayTags' in 0.0010 seconds. Added 13 classes and 0 folders.
[2016.11.28-16.47.18:230][  0]LogContentBrowser: Native class hierarchy updated for 'WidgetCarousel' in 0.0009 seconds. Added 0 classes and 0 folders.
[2016.11.28-16.47.19:146][  0]LogContentBrowser: Native class hierarchy updated for 'AddContentDialog' in 0.0013 seconds. Added 0 classes and 0 folders.
[2016.11.28-16.47.19:366][  0]LogContentBrowser: Native class hierarchy updated for 'SceneOutliner' in 0.0007 seconds. Added 1 classes and 2 folders.
[2016.11.28-16.47.19:782][  0]LogCrashTracker: Crashtracker disabled due to settings.
[2016.11.28-16.47.19:868][  0]LogUObjectGlobals:Warning: 'Class 없음.' 오브젝트를 찾는 데 실패했습니다.
[2016.11.28-16.47.20:034][  0]LogContentBrowser: Native class hierarchy updated for 'HierarchicalLODOutliner' in 0.0009 seconds. Added 1 classes and 2 folders.
[2016.11.28-16.47.20:035][  0]LogLoad: (Engine Initialization) Total time: 41.75 seconds
[2016.11.28-16.47.20:035][  0]LogLoad: (Engine Initialization) Total Blueprint compile time: 0.21 seconds
[2016.11.28-16.47.20:035][  0]LogExternalProfiler: Found external profiler: VSPerf
[2016.11.28-16.47.20:035][  0]LogExternalProfiler: Using external profiler: VSPerf
[2016.11.28-16.47.20:378][  0]LogOcInput: OculusInput pre-init called
[2016.11.28-16.47.20:463][  0]LogContentStreaming: Texture pool size now 1000 MB
[2016.11.28-16.47.21:222][  0]LogRenderer: Reallocating scene render targets to support 1208x576 NumSamples 1 (Frame:2).
[2016.11.28-16.47.22:144][  3]LogAssetRegistry: Asset discovery search completed in 29.1086 seconds
[2016.11.28-16.47.22:145][  3]LogCollectionManager: Rebuilt the object cache for 0 collections in 0.000001 seconds (found 0 objects)
[2016.11.28-16.47.22:145][  3]LogCollectionManager: Fixed up redirectors for 0 collections in 0.000030 seconds (updated 0 objects)
[2016.11.28-17.03.04:326][818]LogFactory: FactoryCreateFile: Texture with ReimportTextureFactory (0 0 C:\Users\shinso\Desktop\UE4_Texture\hit_001.png)
[2016.11.28-17.03.04:370][818]LogTexture:Display: 텍스처 빌드중: hit_001 (AutoDXT)
[2016.11.28-17.03.32:158][372]LogFileHelpers: Editor autosave (incl. sublevels) for '/Game/MobileStarterContent/Maps/Minimal_Default' took 0.058
[2016.11.28-17.03.32:168][372]OBJ SavePackage: Generating thumbnails for [1] asset(s) in package [/Game/GraphicsData/Texture/hit_001] ([1] browsable assets)...
[2016.11.28-17.03.32:182][372]OBJ SavePackage:     Rendered thumbnail for [Texture2D /Game/GraphicsData/Texture/hit_001.hit_001]
[2016.11.28-17.03.32:182][372]OBJ SavePackage: Finished generating thumbnails for package [/Game/GraphicsData/Texture/hit_001]
[2016.11.28-17.03.32:235][372]LogSavePackage: Save=42.13ms
[2016.11.28-17.03.32:235][372]LogSavePackage: Moving '../../../../../../Users/shinso/Desktop/UE4_effect/PJS_Effect_Pack_UE4/Saved/hit_001_Auto164D7AACB41FB66B723393EBFD69AE6ED.tmp' to '../../../../../../Users/shinso/Desktop/UE4_effect/PJS_Effect_Pack_UE4/Saved/Autosaves/Game/GraphicsData/Texture/hit_001_Auto1.uasset'
[2016.11.28-17.03.32:244][372]LogSavePackage:Display: Finished SavePackage ../../../../../../Users/shinso/Desktop/UE4_effect/PJS_Effect_Pack_UE4/Saved/Autosaves/Game/GraphicsData/Texture/hit_001_Auto1.uasset
[2016.11.28-17.03.32:244][372]LogFileHelpers: Auto-saving content packages took 0.085
[2016.11.28-17.07.15:836][326]Cmd: OBJ SAVEPACKAGE PACKAGE="/Game/GraphicsData/Texture/hit_001" FILE="../../../../../../Users/shinso/Desktop/UE4_effect/PJS_Effect_Pack_UE4/Content/GraphicsData/Texture/hit_001.uasset" SILENT=true
[2016.11.28-17.07.15:898][326]LogSavePackage: Save=43.76ms
[2016.11.28-17.07.15:898][326]LogSavePackage: Moving '../../../../../../Users/shinso/Desktop/UE4_effect/PJS_Effect_Pack_UE4/Saved/hit_001921A6B0B4ECB4F30884E00B2296B4181.tmp' to '../../../../../../Users/shinso/Desktop/UE4_effect/PJS_Effect_Pack_UE4/Content/GraphicsData/Texture/hit_001.uasset'
[2016.11.28-17.07.15:911][326]LogSavePackage:Display: Finished SavePackage ../../../../../../Users/shinso/Desktop/UE4_effect/PJS_Effect_Pack_UE4/Content/GraphicsData/Texture/hit_001.uasset
[2016.11.28-17.07.18:805][617]LogSavePackage: Save=208.55ms
[2016.11.28-17.07.18:805][617]LogSavePackage: Moving '../../../../../../Users/shinso/Desktop/UE4_effect/PJS_Effect_Pack_UE4/Saved/Minimal_DefaultCBB3A8FA467851CEABCDA69E2249FC6A.tmp' to '../../../../../../Users/shinso/Desktop/UE4_effect/PJS_Effect_Pack_UE4/Content/MobileStarterContent/Maps/Minimal_Default.umap'
[2016.11.28-17.07.18:827][617]LogSavePackage:Display: Finished SavePackage ../../../../../../Users/shinso/Desktop/UE4_effect/PJS_Effect_Pack_UE4/Content/MobileStarterContent/Maps/Minimal_Default.umap
[2016.11.28-17.07.19:100][617]LogSavePackage: Save=86.80ms
[2016.11.28-17.07.19:100][617]LogSavePackage: Moving '../../../../../../Users/shinso/Desktop/UE4_effect/PJS_Effect_Pack_UE4/Saved/Minimal_Default_BuiltData3245461C458650473F2F8596F3D5CB27.tmp' to '../../../../../../Users/shinso/Desktop/UE4_effect/PJS_Effect_Pack_UE4/Content/MobileStarterContent/Maps/Minimal_Default_BuiltData.uasset'
[2016.11.28-17.07.19:103][617]LogSavePackage:Display: Finished SavePackage ../../../../../../Users/shinso/Desktop/UE4_effect/PJS_Effect_Pack_UE4/Content/MobileStarterContent/Maps/Minimal_Default_BuiltData.uasset
[2016.11.28-17.07.29:031][476]Cmd: MAP LOAD FILE="../../../Engine/Content/Maps/Templates/Template_Default.umap" TEMPLATE=1 SHOWPROGRESS=1 FEATURELEVEL=3
[2016.11.28-17.07.29:127][476]LightingResults: New page: 라이팅 빌드
[2016.11.28-17.07.29:128][476]LoadErrors: New page: 맵 로드중: Template_Default.umap
[2016.11.28-17.07.29:145][476]MapCheck: New page: 맵 체크
[2016.11.28-17.07.29:145][476]LightingResults: New page: 라이팅 빌드
[2016.11.28-17.07.29:186][476]LogAIModule: Creating AISystem for world Untitled_1
[2016.11.28-17.07.29:189][476]LogActorComponent: RegisterComponentWithWorld: (/Temp/Untitled_1.Untitled_1:PersistentLevel.WorldSettings_1.StaticMeshComponent0) Trying to register component with IsPendingKill() == true. Aborting.
[2016.11.28-17.07.29:198][476]LogEditorServer: Finished looking for orphan Actors (0.000 secs)
[2016.11.28-17.07.29:208][476]Cmd: MAP CHECKDEP NOCLEARLOG
[2016.11.28-17.07.29:306][476]MapCheck: 정보 맵 체크 완료: 오류 0 회, 경고 0 회, 소요 시간 98.556ms.
[2016.11.28-17.07.29:306][476]LogFileHelpers: Loading map 'Template_Default' took 0.277
[2016.11.28-17.07.40:936][752]Cmd: OBJ SAVEPACKAGE PACKAGE="/Game/testscene" FILE="../../../../../../Users/shinso/Desktop/UE4_effect/PJS_Effect_Pack_UE4/Content/testscene.umap" SILENT=true AUTOSAVING=false KEEPDIRTY=false
[2016.11.28-17.07.41:007][752]LogSavePackage: Save=39.64ms
[2016.11.28-17.07.41:007][752]LogSavePackage: Moving '../../../../../../Users/shinso/Desktop/UE4_effect/PJS_Effect_Pack_UE4/Saved/testsceneDDE2FDEF4B8AE1A0F5C684B3AF7DCE51.tmp' to '../../../../../../Users/shinso/Desktop/UE4_effect/PJS_Effect_Pack_UE4/Content/testscene.umap'
[2016.11.28-17.07.41:010][752]LogSavePackage:Display: Finished SavePackage ../../../../../../Users/shinso/Desktop/UE4_effect/PJS_Effect_Pack_UE4/Content/testscene.umap
[2016.11.28-17.07.41:036][752]LogFileHelpers: Saving map 'testscene' took 0.966
[2016.11.28-17.07.41:038][752]Cmd: MAP LOAD FILE="../../../../../../Users/shinso/Desktop/UE4_effect/PJS_Effect_Pack_UE4/Content/testscene.umap" TEMPLATE=0 SHOWPROGRESS=1 FEATURELEVEL=3
[2016.11.28-17.07.41:059][752]LightingResults: New page: 라이팅 빌드
[2016.11.28-17.07.41:060][752]LoadErrors: New page: 맵 로드중: testscene.umap
[2016.11.28-17.07.41:061][752]MapCheck: New page: 맵 체크
[2016.11.28-17.07.41:061][752]LightingResults: New page: 라이팅 빌드
[2016.11.28-17.07.41:127][752]LogAIModule: Creating AISystem for world testscene
[2016.11.28-17.07.41:153][752]LogEditorServer: Finished looking for orphan Actors (0.000 secs)
[2016.11.28-17.07.41:178][752]Cmd: MAP CHECKDEP NOCLEARLOG
[2016.11.28-17.07.41:266][752]MapCheck: 정보 맵 체크 완료: 오류 0 회, 경고 0 회, 소요 시간 88.125ms.
[2016.11.28-17.07.41:266][752]LogFileHelpers: Loading map 'testscene' took 0.230
[2016.11.28-17.07.45:711][212]Cmd: OBJ SAVEPACKAGE PACKAGE="/Game/testscene" FILE="../../../../../../Users/shinso/Desktop/UE4_effect/PJS_Effect_Pack_UE4/Content/testscene.umap" SILENT=true AUTOSAVING=false KEEPDIRTY=false
[2016.11.28-17.07.45:780][212]LogSavePackage: Save=41.83ms
[2016.11.28-17.07.45:780][212]LogSavePackage: Moving '../../../../../../Users/shinso/Desktop/UE4_effect/PJS_Effect_Pack_UE4/Saved/testscene5F36667B4250BCBEE31C2BA9C9D0D388.tmp' to '../../../../../../Users/shinso/Desktop/UE4_effect/PJS_Effect_Pack_UE4/Content/testscene.umap'
[2016.11.28-17.07.45:783][212]LogSavePackage:Display: Finished SavePackage ../../../../../../Users/shinso/Desktop/UE4_effect/PJS_Effect_Pack_UE4/Content/testscene.umap
[2016.11.28-17.09.27:225][419]Cmd: OBJ SAVEPACKAGE PACKAGE="/Game/testscene" FILE="../../../../../../Users/shinso/Desktop/UE4_effect/PJS_Effect_Pack_UE4/Content/testscene.umap" SILENT=true AUTOSAVING=false KEEPDIRTY=false
[2016.11.28-17.09.27:287][419]LogSavePackage: Save=36.93ms
[2016.11.28-17.09.27:287][419]LogSavePackage: Moving '../../../../../../Users/shinso/Desktop/UE4_effect/PJS_Effect_Pack_UE4/Saved/testsceneD63CFBC74CAA784B860F70B7D3F16285.tmp' to '../../../../../../Users/shinso/Desktop/UE4_effect/PJS_Effect_Pack_UE4/Content/testscene.umap'
[2016.11.28-17.09.27:291][419]LogSavePackage:Display: Finished SavePackage ../../../../../../Users/shinso/Desktop/UE4_effect/PJS_Effect_Pack_UE4/Content/testscene.umap
[2016.11.28-17.09.40:288][655]LogSlate: Only BGRA pngs, bmps or icos are supported in by External Image Picker
[2016.11.28-17.09.42:633][687]LogTemp:Display: Executing iPhonePackager certificates Engine -bundlename com.YourCompany.PJSEffectPackUE4

[2016.11.28-17.09.42:633][687]LogTemp:Display: CWD: C:\Program Files (x86)\Epic Games\4.14\Engine\Binaries\DotNet\IOS

[2016.11.28-17.09.42:633][687]LogTemp:Display: Initial Dir: C:\Program Files (x86)\Epic Games\4.14

[2016.11.28-17.09.42:633][687]LogTemp:Display: Env CWD: C:\Program Files (x86)\Epic Games\4.14\Engine\Binaries\DotNet\IOS

[2016.11.28-17.09.42:633][687]LogTemp:Display: BranchPath = SHINSO_/C/Program Files (x86)/Epic Games/4.14/Engine/Binaries --- GameBranchPath = SHINSO_/C/Program Files (x86)/Epic Games/4.14/Engine/Binaries

[2016.11.28-17.09.42:981][723]LogTemp:Display: IPP ERROR: Application exception: System.IO.DirectoryNotFoundException: 'C:\Users\shinso\AppData\Local\Apple Computer\MobileDevice\Provisioning Profiles' ?????? ?Ϻθ? ã?? ?? ?????ϴ?.

[2016.11.28-17.09.42:981][723]LogTemp:Display:    ??ġ: System.IO.__Error.WinIOError(Int32 errorCode, String maybeFullPath)

[2016.11.28-17.09.42:981][723]LogTemp:Display:    ??ġ: System.IO.FileSystemEnumerableIterator`1.CommonInit()

[2016.11.28-17.09.42:981][723]LogTemp:Display:    ??ġ: System.IO.FileSystemEnumerableIterator`1..ctor(String path, String originalUserPath, String searchPattern, SearchOption searchOption, SearchResultHandler`1 resultHandler, Boolean checkHost)

[2016.11.28-17.09.42:981][723]LogTemp:Display:    ??ġ: System.IO.Directory.EnumerateFiles(String path, String searchPattern)

[2016.11.28-17.09.42:981][723]LogTemp:Display:    ??ġ: iPhonePackager.CodeSignatureBuilder.FindProvisions(String CFBundleIdentifier)

[2016.11.28-17.09.42:981][723]LogTemp:Display:    ??ġ: iPhonePackager.Program.Main(String[] args)

[2016.11.28-17.10.21:162][748]LogWindowsTextInputMethodSystem:Display: IME system now activated using TSF (Microsoft 입력기).
[2016.11.28-17.10.21:414][749]Cmd: QUIT_EDITOR
[2016.11.28-17.10.21:489][749]LogExit: Preparing to exit.
[2016.11.28-17.10.22:654][749]LogDirectoryWatcher: A directory notification for 'C:/Users/shinso/Desktop/UE4_effect/PJS_Effect_Pack_UE4/Content/' was aborted.
[2016.11.28-17.10.22:677][749]LogExit: Editor shut down
[2016.11.28-17.10.22:678][749]LogExit: Transaction tracking system shut down
[2016.11.28-17.10.22:767][749]LogObj: Freed 0b from 0 cluster array pools.
[2016.11.28-17.10.22:767][749]LogExit: Object subsystem successfully closed.
[2016.11.28-17.10.22:778][749]LogD3D11RHI: Shutdown
[2016.11.28-17.10.22:778][749]LogD3D11RHI: CleanupD3DDevice
[2016.11.28-17.10.22:815][749]LogD3D11RHI: ~FD3D11DynamicRHI
[2016.11.28-17.10.22:840][749]LogHttp:Display: Http module shutting down, but needs to wait on 1 outstanding Http requests:
[2016.11.28-17.10.22:840][749]LogHttp:Display: 	verb=[POST] url=[https://datarouter.ol.epicgames.com/datarouter/api/v1/public/data?SessionID=%7B9545A5A7-46B4-2C56-4C75-3495C5A76957%7D&AppID=UEEditor.Rocket.Release&AppVersion=4.14.0-3195953%2B%2B%2BUE4%2BRelease-4.14&UserID=eb0f5490441b9643e149dca27b03a01a%7C8192111b8aff4021b8101e05c4362eae%7C10b18276-2a3f-4124-94ee-d533653a0111&AppEnvironment=datacollector-binary&UploadType=eteventstream] status=Processing
[2016.11.28-17.10.22:856][749]LogModuleManager: Shutting down and abandoning module ExternalImagePicker (243)
[2016.11.28-17.10.22:856][749]LogModuleManager: Shutting down and abandoning module NewLevelDialog (242)
[2016.11.28-17.10.22:856][749]LogModuleManager: Shutting down and abandoning module HierarchicalLODOutliner (241)
[2016.11.28-17.10.22:856][749]LogModuleManager: Shutting down and abandoning module CrashTracker (240)
[2016.11.28-17.10.22:856][749]LogModuleManager: Shutting down and abandoning module SceneOutliner (239)
[2016.11.28-17.10.22:856][749]LogModuleManager: Shutting down and abandoning module WidgetCarousel (238)
[2016.11.28-17.10.22:856][749]LogModuleManager: Shutting down and abandoning module AddContentDialog (237)
[2016.11.28-17.10.22:856][749]LogDirectoryWatcher: A directory notification for 'C:/Program Files (x86)/Epic Games/4.14/FeaturePacks/' was aborted.
[2016.11.28-17.10.22:858][749]LogModuleManager: Shutting down and abandoning module GameplayTags (236)
[2016.11.28-17.10.22:858][749]LogModuleManager: Shutting down and abandoning module EditorWidgets (235)
[2016.11.28-17.10.22:858][749]LogModuleManager: Shutting down and abandoning module CollectionManager (234)
[2016.11.28-17.10.22:858][749]LogDirectoryWatcher: A directory notification for 'C:/Users/shinso/Desktop/UE4_effect/PJS_Effect_Pack_UE4/Content/Collections/' was aborted.
[2016.11.28-17.10.22:858][749]LogDirectoryWatcher: A directory notification for 'C:/Users/shinso/Desktop/UE4_effect/PJS_Effect_Pack_UE4/Content/Developers/shinso/Collections/' was aborted.
[2016.11.28-17.10.22:858][749]LogDirectoryWatcher: A directory notification for 'C:/Users/shinso/Desktop/UE4_effect/PJS_Effect_Pack_UE4/Saved/Collections/' was aborted.
[2016.11.28-17.10.22:858][749]LogModuleManager: Shutting down and abandoning module StatsViewer (233)
[2016.11.28-17.10.22:858][749]LogModuleManager: Shutting down and abandoning module FoliageEdit (232)
[2016.11.28-17.10.22:858][749]LogModuleManager: Shutting down and abandoning module LandscapeEditor (231)
[2016.11.28-17.10.22:868][749]LogModuleManager: Shutting down and abandoning module SceneDepthPickerMode (230)
[2016.11.28-17.10.22:868][749]LogModuleManager: Shutting down and abandoning module ActorPickerMode (229)
[2016.11.28-17.10.22:868][749]LogModuleManager: Shutting down and abandoning module GeometryMode (228)
[2016.11.28-17.10.22:868][749]LogModuleManager: Shutting down and abandoning module TextureAlignMode (227)
[2016.11.28-17.10.22:868][749]LogModuleManager: Shutting down and abandoning module BspMode (226)
[2016.11.28-17.10.22:868][749]LogModuleManager: Shutting down and abandoning module HardwareSurvey (225)
[2016.11.28-17.10.22:868][749]LogModuleManager: Shutting down and abandoning module SequenceRecorderSections (224)
[2016.11.28-17.10.22:868][749]LogModuleManager: Shutting down and abandoning module AutomationWorker (223)
[2016.11.28-17.10.22:868][749]LogModuleManager: Shutting down and abandoning module MatineeToLevelSequence (222)
[2016.11.28-17.10.22:868][749]LogModuleManager: Shutting down and abandoning module PlacementMode (221)
[2016.11.28-17.10.22:868][749]LogModuleManager: Shutting down and abandoning module LevelSequenceEditor (220)
[2016.11.28-17.10.22:868][749]LogModuleManager: Shutting down and abandoning module WmfMediaFactory (219)
[2016.11.28-17.10.22:868][749]LogModuleManager: Shutting down and abandoning module WmfMediaEditor (218)
[2016.11.28-17.10.22:868][749]LogModuleManager: Shutting down and abandoning module AvfMediaFactory (217)
[2016.11.28-17.10.22:868][749]LogModuleManager: Shutting down and abandoning module AvfMediaEditor (216)
[2016.11.28-17.10.22:868][749]LogModuleManager: Shutting down and abandoning module Media (215)
[2016.11.28-17.10.22:868][749]LogModuleManager: Shutting down and abandoning module AndroidMediaFactory (214)
[2016.11.28-17.10.22:868][749]LogModuleManager: Shutting down and abandoning module AndroidMediaEditor (213)
[2016.11.28-17.10.22:868][749]LogModuleManager: Shutting down and abandoning module CharacterAI (212)
[2016.11.28-17.10.22:868][749]LogModuleManager: Shutting down and abandoning module SequenceRecorder (211)
[2016.11.28-17.10.22:868][749]LogModuleManager: Shutting down and abandoning module AudioCapture (210)
[2016.11.28-17.10.22:868][749]LogModuleManager: Shutting down and abandoning module SmartSnapping (209)
[2016.11.28-17.10.22:868][749]LogModuleManager: Shutting down and abandoning module SessionServices (208)
[2016.11.28-17.10.22:868][749]LogModuleManager: Shutting down and abandoning module ViewportSnapping (207)
[2016.11.28-17.10.22:868][749]LogModuleManager: Shutting down and abandoning module ViewportInteraction (206)
[2016.11.28-17.10.22:868][749]LogModuleManager: Shutting down and abandoning module LogVisualizer (205)
[2016.11.28-17.10.22:868][749]LogModuleManager: Shutting down and abandoning module GameProjectGeneration (204)
[2016.11.28-17.10.22:868][749]LogModuleManager: Shutting down and abandoning module IntroTutorials (203)
[2016.11.28-17.10.22:868][749]LogModuleManager: Shutting down and abandoning module EditorLiveStreaming (202)
[2016.11.28-17.10.22:868][749]LogModuleManager: Shutting down and abandoning module IOSPlatformEditor (201)
[2016.11.28-17.10.22:868][749]LogModuleManager: Shutting down and abandoning module HTML5PlatformEditor (200)
[2016.11.28-17.10.22:868][749]LogModuleManager: Shutting down and abandoning module AndroidDeviceDetection (199)
[2016.11.28-17.10.23:153][749]LogModuleManager: Shutting down and abandoning module AndroidPlatformEditor (198)
[2016.11.28-17.10.23:153][749]LogModuleManager: Shutting down and abandoning module IOSRuntimeSettings (197)
[2016.11.28-17.10.23:153][749]LogModuleManager: Shutting down and abandoning module AndroidRuntimeSettings (196)
[2016.11.28-17.10.23:153][749]LogModuleManager: Shutting down and abandoning module InputBindingEditor (195)
[2016.11.28-17.10.23:153][749]LogModuleManager: Shutting down and abandoning module NiagaraEditor (194)
[2016.11.28-17.10.23:153][749]LogModuleManager: Shutting down and abandoning module MergeActors (193)
[2016.11.28-17.10.23:153][749]LogModuleManager: Shutting down and abandoning module SizeMap (192)
[2016.11.28-17.10.23:153][749]LogModuleManager: Shutting down and abandoning module TreeMap (191)
[2016.11.28-17.10.23:153][749]LogModuleManager: Shutting down and abandoning module ReferenceViewer (190)
[2016.11.28-17.10.23:153][749]LogModuleManager: Shutting down and abandoning module LocalizationService (189)
[2016.11.28-17.10.23:154][749]LogModuleManager: Shutting down and abandoning module LocalizationDashboard (188)
[2016.11.28-17.10.23:154][749]LogModuleManager: Shutting down and abandoning module HardwareTargeting (187)
[2016.11.28-17.10.23:154][749]LogModuleManager: Shutting down and abandoning module DeviceProfileEditor (186)
[2016.11.28-17.10.23:154][749]LogModuleManager: Shutting down and abandoning module UndoHistory (185)
[2016.11.28-17.10.23:154][749]LogModuleManager: Shutting down and abandoning module UserFeedback (184)
[2016.11.28-17.10.23:154][749]LogModuleManager: Shutting down and abandoning module XmlParser (183)
[2016.11.28-17.10.23:154][749]LogModuleManager: Shutting down and abandoning module Blutility (182)
[2016.11.28-17.10.23:154][749]LogModuleManager: Shutting down and abandoning module ProjectTargetPlatformEditor (181)
[2016.11.28-17.10.23:155][749]LogModuleManager: Shutting down and abandoning module ProjectSettingsViewer (180)
[2016.11.28-17.10.23:155][749]LogModuleManager: Shutting down and abandoning module EditorSettingsViewer (179)
[2016.11.28-17.10.23:155][749]LogModuleManager: Shutting down and abandoning module SettingsEditor (178)
[2016.11.28-17.10.23:155][749]LogModuleManager: Shutting down and abandoning module ProjectLauncher (177)
[2016.11.28-17.10.23:155][749]LogModuleManager: Shutting down and abandoning module SessionFrontend (176)
[2016.11.28-17.10.23:155][749]LogModuleManager: Shutting down and abandoning module ProfilerClient (175)
[2016.11.28-17.10.23:155][749]LogModuleManager: Shutting down and abandoning module TargetDeviceServices (174)
[2016.11.28-17.10.23:155][749]LogModuleManager: Shutting down and abandoning module DeviceManager (173)
[2016.11.28-17.10.23:197][749]LogModuleManager: Shutting down and abandoning module AutomationController (172)
[2016.11.28-17.10.23:197][749]LogModuleManager: Shutting down and abandoning module AutomationWindow (171)
[2016.11.28-17.10.23:197][749]LogModuleManager: Shutting down and abandoning module Layers (170)
[2016.11.28-17.10.23:204][749]LogModuleManager: Shutting down and abandoning module ComponentVisualizers (169)
[2016.11.28-17.10.23:204][749]LogModuleManager: Shutting down and abandoning module DetailCustomizations (168)
[2016.11.28-17.10.23:205][749]LogModuleManager: Shutting down and abandoning module PackagesDialog (167)
[2016.11.28-17.10.23:205][749]LogModuleManager: Shutting down and abandoning module AnimGraph (166)
[2016.11.28-17.10.23:205][749]LogModuleManager: Shutting down and abandoning module Persona (165)
[2016.11.28-17.10.23:205][749]LogModuleManager: Shutting down and abandoning module Kismet (164)
[2016.11.28-17.10.23:206][749]LogModuleManager: Shutting down and abandoning module GraphEditor (163)
[2016.11.28-17.10.23:216][749]LogModuleManager: Shutting down and abandoning module ClassViewer (162)
[2016.11.28-17.10.23:216][749]LogModuleManager: Shutting down and abandoning module Toolbox (161)
[2016.11.28-17.10.23:216][749]LogModuleManager: Shutting down and abandoning module ModuleUI (160)
[2016.11.28-17.10.23:216][749]LogModuleManager: Shutting down and abandoning module MovieSceneTools (159)
[2016.11.28-17.10.23:216][749]LogModuleManager: Shutting down and abandoning module OutputLog (158)
[2016.11.28-17.10.23:216][749]LogModuleManager: Shutting down and abandoning module GammaUI (157)
[2016.11.28-17.10.23:216][749]LogModuleManager: Shutting down and abandoning module Documentation (156)
[2016.11.28-17.10.23:216][749]LogModuleManager: Shutting down and abandoning module Niagara (155)
[2016.11.28-17.10.23:216][749]LogModuleManager: Shutting down and abandoning module StreamingPauseRendering (154)
[2016.11.28-17.10.23:216][749]LogModuleManager: Shutting down and abandoning module AnalyticsET (153)
[2016.11.28-17.10.23:216][749]LogModuleManager: Shutting down and abandoning module PortalServices (152)
[2016.11.28-17.10.23:216][749]LogModuleManager: Shutting down and abandoning module PortalRpc (151)
[2016.11.28-17.10.23:216][749]LogModuleManager: Shutting down and abandoning module MessagingRpc (150)
[2016.11.28-17.10.23:216][749]LogModuleManager: Shutting down and abandoning module GameplayDebugger (149)
[2016.11.28-17.10.23:216][749]LogModuleManager: Shutting down and abandoning module AITestSuite (148)
[2016.11.28-17.10.23:216][749]LogModuleManager: Shutting down and abandoning module AIModule (147)
[2016.11.28-17.10.23:216][749]LogModuleManager: Shutting down and abandoning module ProfilerService (146)
[2016.11.28-17.10.23:288][749]LogModuleManager: Shutting down and abandoning module TaskGraph (145)
[2016.11.28-17.10.23:288][749]LogModuleManager: Shutting down and abandoning module SlateRemote (144)
[2016.11.28-17.10.23:288][749]LogModuleManager: Shutting down and abandoning module SteamVRController (143)
[2016.11.28-17.10.23:288][749]LogModuleManager: Shutting down and abandoning module SteamVR (142)
[2016.11.28-17.10.23:288][749]LogModuleManager: Shutting down and abandoning module ProceduralMeshComponentEditor (141)
[2016.11.28-17.10.23:288][749]LogModuleManager: Shutting down and abandoning module ProceduralMeshComponent (140)
[2016.11.28-17.10.23:289][749]LogModuleManager: Shutting down and abandoning module OculusLibrary (139)
[2016.11.28-17.10.23:289][749]LogModuleManager: Shutting down and abandoning module OculusInput (138)
[2016.11.28-17.10.23:289][749]LogModuleManager: Shutting down and abandoning module MobilePatchingUtils (137)
[2016.11.28-17.10.23:289][749]LogModuleManager: Shutting down and abandoning module CustomMeshComponent (136)
[2016.11.28-17.10.23:289][749]LogModuleManager: Shutting down and abandoning module CableComponent (135)
[2016.11.28-17.10.23:289][749]LogModuleManager: Shutting down and abandoning module ArchVisCharacter (134)
[2016.11.28-17.10.23:289][749]LogModuleManager: Shutting down and abandoning module MediaPlayerEditor (132)
[2016.11.28-17.10.23:289][749]LogModuleManager: Shutting down and abandoning module HTML5Networking (131)
[2016.11.28-17.10.23:289][749]LogModuleManager: Shutting down and abandoning module GeometryCacheEd (130)
[2016.11.28-17.10.23:289][749]LogModuleManager: Shutting down and abandoning module GeometryCache (129)
[2016.11.28-17.10.23:289][749]LogModuleManager: Shutting down and abandoning module AlembicLibrary (128)
[2016.11.28-17.10.23:289][749]LogModuleManager: Shutting down and abandoning module AlembicImporter (127)
[2016.11.28-17.10.23:289][749]LogModuleManager: Shutting down and abandoning module SuperSearch (126)
[2016.11.28-17.10.23:289][749]LogModuleManager: Shutting down and abandoning module SuperSearchEditor (125)
[2016.11.28-17.10.23:289][749]LogModuleManager: Shutting down and abandoning module SpeedTreeImporter (124)
[2016.11.28-17.10.23:289][749]LogModuleManager: Shutting down and abandoning module PluginBrowser (123)
[2016.11.28-17.10.23:289][749]LogModuleManager: Shutting down and abandoning module MobileLauncherProfileWizard (122)
[2016.11.28-17.10.23:289][749]LogModuleManager: Shutting down and abandoning module EpicSurvey (121)
[2016.11.28-17.10.23:289][749]LogModuleManager: Shutting down and abandoning module DesktopPlatform (120)
[2016.11.28-17.10.23:289][749]LogModuleManager: Shutting down and abandoning module VisualStudioSourceCodeAccess (119)
[2016.11.28-17.10.23:289][749]LogModuleManager: Shutting down and abandoning module UObjectPlugin (118)
[2016.11.28-17.10.23:289][749]LogModuleManager: Shutting down and abandoning module SubversionSourceControl (117)
[2016.11.28-17.10.23:289][749]LogModuleManager: Shutting down and abandoning module PerforceSourceControl (116)
[2016.11.28-17.10.23:289][749]LogModuleManager: Shutting down and abandoning module SourceControl (115)
[2016.11.28-17.10.23:289][749]LogModuleManager: Shutting down and abandoning module GitSourceControl (114)
[2016.11.28-17.10.23:289][749]LogModuleManager: Shutting down and abandoning module LightPropagationVolumeEditor (113)
[2016.11.28-17.10.23:289][749]LogModuleManager: Shutting down and abandoning module PaperTiledImporter (112)
[2016.11.28-17.10.23:289][749]LogModuleManager: Shutting down and abandoning module PaperSpriteSheetImporter (111)
[2016.11.28-17.10.23:289][749]LogModuleManager: Shutting down and abandoning module MeshPaint (110)
[2016.11.28-17.10.23:289][749]LogModuleManager: Shutting down and abandoning module PixelInspectorModule (109)
[2016.11.28-17.10.23:289][749]LogModuleManager: Shutting down and abandoning module HotReload (108)
[2016.11.28-17.10.23:290][749]LogModuleManager: Shutting down and abandoning module MainFrame (107)
[2016.11.28-17.10.23:290][749]LogModuleManager: Shutting down and abandoning module LevelEditor (106)
[2016.11.28-17.10.23:291][749]LogModuleManager: Shutting down and abandoning module ContentBrowser (105)
[2016.11.28-17.10.23:292][749]LogModuleManager: Shutting down and abandoning module Paper2DEditor (104)
[2016.11.28-17.10.23:292][749]LogModuleManager: Shutting down and abandoning module UdpMessaging (103)
[2016.11.28-17.10.23:393][749]LogModuleManager: Shutting down and abandoning module TcpMessaging (102)
[2016.11.28-17.10.23:493][749]LogModuleManager: Shutting down and abandoning module LightPropagationVolumeRuntime (101)
[2016.11.28-17.10.23:493][749]LogModuleManager: Shutting down and abandoning module Paper2D (100)
[2016.11.28-17.10.23:493][749]LogModuleManager: Shutting down and abandoning module WindowsMoviePlayer (99)
[2016.11.28-17.10.23:493][749]LogModuleManager: Shutting down and abandoning module WmfMedia (98)
[2016.11.28-17.10.23:493][749]LogModuleManager: Shutting down and abandoning module MediaAssets (97)
[2016.11.28-17.10.23:493][749]LogModuleManager: Shutting down and abandoning module GameLiveStreaming (96)
[2016.11.28-17.10.23:493][749]LogModuleManager: Shutting down and abandoning module GameplayTagsEditor (95)
[2016.11.28-17.10.23:493][749]LogModuleManager: Shutting down and abandoning module VREditor (94)
[2016.11.28-17.10.23:493][749]LogModuleManager: Shutting down and abandoning module GameplayTasksEditor (93)
[2016.11.28-17.10.23:493][749]LogModuleManager: Shutting down and abandoning module BehaviorTreeEditor (92)
[2016.11.28-17.10.23:494][749]LogModuleManager: Shutting down and abandoning module FunctionalTesting (91)
[2016.11.28-17.10.23:494][749]LogModuleManager: Shutting down and abandoning module CollisionAnalyzer (90)
[2016.11.28-17.10.23:494][749]LogModuleManager: Shutting down and abandoning module Sequencer (89)
[2016.11.28-17.10.23:499][749]LogModuleManager: Shutting down and abandoning module WorkspaceMenuStructure (88)
[2016.11.28-17.10.23:499][749]LogModuleManager: Shutting down and abandoning module MessageLog (87)
[2016.11.28-17.10.23:499][749]LogModuleManager: Shutting down and abandoning module AssetTools (86)
[2016.11.28-17.10.23:500][749]LogModuleManager: Shutting down and abandoning module UMGEditor (85)
[2016.11.28-17.10.23:500][749]LogModuleManager: Shutting down and abandoning module UMG (84)
[2016.11.28-17.10.23:500][749]LogModuleManager: Shutting down and abandoning module SlateReflector (83)
[2016.11.28-17.10.23:500][749]LogModuleManager: Shutting down and abandoning module Slate (82)
[2016.11.28-17.10.23:500][749]LogModuleManager: Shutting down and abandoning module EditorStyle (81)
[2016.11.28-17.10.23:509][749]LogModuleManager: Shutting down and abandoning module SourceCodeAccess (80)
[2016.11.28-17.10.23:509][749]LogModuleManager: Shutting down and abandoning module HeadMountedDisplay (79)
[2016.11.28-17.10.23:509][749]LogModuleManager: Shutting down and abandoning module XAudio2 (78)
[2016.11.28-17.10.23:509][749]LogModuleManager: Shutting down and abandoning module Networking (76)
[2016.11.28-17.10.23:509][749]LogModuleManager: Shutting down and abandoning module Core (75)
[2016.11.28-17.10.23:509][749]LogModuleManager: Shutting down and abandoning module DirectoryWatcher (74)
[2016.11.28-17.10.23:509][749]LogDirectoryWatcher: A directory notification for '../../../Engine/Content/' was aborted.
[2016.11.28-17.10.23:510][749]LogDirectoryWatcher: A directory notification for '../../../../../../Users/shinso/Desktop/UE4_effect/PJS_Effect_Pack_UE4/Content/' was aborted.
[2016.11.28-17.10.23:510][749]LogDirectoryWatcher: A directory notification for '../../../Engine/Plugins/2D/Paper2D/Content/' was aborted.
[2016.11.28-17.10.23:511][749]LogModuleManager: Shutting down and abandoning module AssetRegistry (73)
[2016.11.28-17.10.23:703][749]LogModuleManager: Shutting down and abandoning module KismetCompiler (72)
[2016.11.28-17.10.23:703][749]LogModuleManager: Shutting down and abandoning module PhysXFormats (71)
[2016.11.28-17.10.23:703][749]LogModuleManager: Shutting down and abandoning module SimplygonSwarm (70)
[2016.11.28-17.10.23:703][749]LogModuleManager: Shutting down and abandoning module SimplygonMeshReduction (69)
[2016.11.28-17.10.23:703][749]LogModuleManager: Shutting down and abandoning module QuadricMeshReduction (68)
[2016.11.28-17.10.23:703][749]LogModuleManager: Shutting down and abandoning module PropertyEditor (67)
[2016.11.28-17.10.23:703][749]LogModuleManager: Shutting down and abandoning module MeshUtilities (66)
[2016.11.28-17.10.23:703][749]LogModuleManager: Shutting down and abandoning module DerivedDataCache (65)
[2016.11.28-17.10.23:716][749]LogDerivedDataCache: Shutdown
[2016.11.28-17.10.23:716][749]LogModuleManager: Shutting down and abandoning module VulkanShaderFormat (64)
[2016.11.28-17.10.23:716][749]LogModuleManager: Shutting down and abandoning module ShaderFormatOpenGL (63)
[2016.11.28-17.10.23:716][749]LogModuleManager: Shutting down and abandoning module ShaderFormatD3D (62)
[2016.11.28-17.10.23:716][749]LogModuleManager: Shutting down and abandoning module MetalShaderFormat (61)
[2016.11.28-17.10.23:716][749]LogModuleManager: Shutting down and abandoning module TextureFormatUncompressed (60)
[2016.11.28-17.10.23:716][749]LogModuleManager: Shutting down and abandoning module TextureFormatPVR (59)
[2016.11.28-17.10.23:716][749]LogModuleManager: Shutting down and abandoning module TextureFormatDXT (58)
[2016.11.28-17.10.23:716][749]LogModuleManager: Shutting down and abandoning module TextureFormatIntelISPCTexComp (57)
[2016.11.28-17.10.23:717][749]LogModuleManager: Shutting down and abandoning module ImageWrapper (56)
[2016.11.28-17.10.23:717][749]LogModuleManager: Shutting down and abandoning module TextureFormatASTC (55)
[2016.11.28-17.10.23:717][749]LogModuleManager: Shutting down and abandoning module TextureFormatAndroid (54)
[2016.11.28-17.10.23:717][749]LogModuleManager: Shutting down and abandoning module AudioFormatOpus (53)
[2016.11.28-17.10.23:717][749]LogModuleManager: Shutting down and abandoning module AudioFormatOgg (52)
[2016.11.28-17.10.23:717][749]LogModuleManager: Shutting down and abandoning module AudioFormatADPCM (51)
[2016.11.28-17.10.23:717][749]LogModuleManager: Shutting down and abandoning module LinuxTargetPlatform (50)
[2016.11.28-17.10.23:717][749]LogModuleManager: Shutting down and abandoning module LinuxServerTargetPlatform (49)
[2016.11.28-17.10.23:717][749]LogModuleManager: Shutting down and abandoning module LinuxNoEditorTargetPlatform (48)
[2016.11.28-17.10.23:717][749]LogModuleManager: Shutting down and abandoning module LinuxClientTargetPlatform (47)
[2016.11.28-17.10.23:717][749]LogModuleManager: Shutting down and abandoning module TVOSTargetPlatform (46)
[2016.11.28-17.10.23:717][749]LogModuleManager: Shutting down and abandoning module Messaging (45)
[2016.11.28-17.10.23:717][749]LogModuleManager: Shutting down and abandoning module IOSTargetPlatform (44)
[2016.11.28-17.10.23:717][749]LogModuleManager: Shutting down and abandoning module HTML5TargetPlatform (43)
[2016.11.28-17.10.23:717][749]LogModuleManager: Shutting down and abandoning module Android_PVRTCTargetPlatform (42)
[2016.11.28-17.10.23:717][749]LogModuleManager: Shutting down and abandoning module Android_MultiTargetPlatform (41)
[2016.11.28-17.10.23:717][749]LogModuleManager: Shutting down and abandoning module Android_ETC2TargetPlatform (40)
[2016.11.28-17.10.23:717][749]LogModuleManager: Shutting down and abandoning module Android_ETC1TargetPlatform (39)
[2016.11.28-17.10.23:717][749]LogModuleManager: Shutting down and abandoning module Android_DXTTargetPlatform (38)
[2016.11.28-17.10.23:717][749]LogModuleManager: Shutting down and abandoning module Android_ATCTargetPlatform (37)
[2016.11.28-17.10.23:717][749]LogModuleManager: Shutting down and abandoning module Android_ASTCTargetPlatform (36)
[2016.11.28-17.10.23:717][749]LogModuleManager: Shutting down and abandoning module AndroidTargetPlatform (35)
[2016.11.28-17.10.23:717][749]LogModuleManager: Shutting down and abandoning module WindowsTargetPlatform (34)
[2016.11.28-17.10.23:717][749]LogModuleManager: Shutting down and abandoning module WindowsServerTargetPlatform (33)
[2016.11.28-17.10.23:717][749]LogModuleManager: Shutting down and abandoning module WindowsNoEditorTargetPlatform (32)
[2016.11.28-17.10.23:717][749]LogModuleManager: Shutting down and abandoning module WindowsClientTargetPlatform (31)
[2016.11.28-17.10.23:717][749]LogModuleManager: Shutting down and abandoning module MacTargetPlatform (30)
[2016.11.28-17.10.23:717][749]LogModuleManager: Shutting down and abandoning module MacServerTargetPlatform (29)
[2016.11.28-17.10.23:717][749]LogModuleManager: Shutting down and abandoning module MacNoEditorTargetPlatform (28)
[2016.11.28-17.10.23:717][749]LogModuleManager: Shutting down and abandoning module MacClientTargetPlatform (27)
[2016.11.28-17.10.23:717][749]LogModuleManager: Shutting down and abandoning module AllDesktopTargetPlatform (26)
[2016.11.28-17.10.23:717][749]LogModuleManager: Shutting down and abandoning module TargetPlatform (25)
[2016.11.28-17.10.23:717][749]LogModuleManager: Shutting down and abandoning module InputCore (24)
[2016.11.28-17.10.23:717][749]LogModuleManager: Shutting down and abandoning module Settings (23)
[2016.11.28-17.10.23:717][749]LogModuleManager: Shutting down and abandoning module OculusRift (22)
[2016.11.28-17.10.23:717][749]LogModuleManager: Shutting down and abandoning module ExampleDeviceProfileSelector (21)
[2016.11.28-17.10.23:717][749]LogModuleManager: Shutting down and abandoning module OnlineBlueprintSupport (20)
[2016.11.28-17.10.23:717][749]LogModuleManager: Shutting down and abandoning module OnlineSubsystem (18)
[2016.11.28-17.10.23:717][749]LogOnline:Display: Unloading online subsystem: NULL
[2016.11.28-17.10.23:717][749]LogModuleManager: Shutting down and abandoning module SSL (17)
[2016.11.28-17.10.23:719][749]LogModuleManager: Shutting down and abandoning module HTTP (16)
[2016.11.28-17.10.23:719][749]LogModuleManager: Shutting down and abandoning module XMPP (15)
[2016.11.28-17.10.23:719][749]LogModuleManager: Shutting down and abandoning module TextureCompressor (14)
[2016.11.28-17.10.23:719][749]LogModuleManager: Shutting down and abandoning module ShaderCore (13)
[2016.11.28-17.10.23:719][749]LogModuleManager: Shutting down and abandoning module Landscape (12)
[2016.11.28-17.10.23:719][749]LogModuleManager: Shutting down and abandoning module SlateRHIRenderer (11)
[2016.11.28-17.10.23:721][749]LogModuleManager: Shutting down and abandoning module OpenGLDrv (10)
[2016.11.28-17.10.23:721][749]LogModuleManager: Shutting down and abandoning module D3D11RHI (9)
[2016.11.28-17.10.23:721][749]LogModuleManager: Shutting down and abandoning module AnimGraphRuntime (8)
[2016.11.28-17.10.23:721][749]LogModuleManager: Shutting down and abandoning module Renderer (7)
[2016.11.28-17.10.23:721][749]LogModuleManager: Shutting down and abandoning module Engine (6)
[2016.11.28-17.10.23:721][749]LogModuleManager: Shutting down and abandoning module CoreUObject (5)
[2016.11.28-17.10.23:721][749]LogModuleManager: Shutting down and abandoning module NetworkFile (4)
[2016.11.28-17.10.23:721][749]LogModuleManager: Shutting down and abandoning module StreamingFile (3)
[2016.11.28-17.10.23:721][749]LogModuleManager: Shutting down and abandoning module SandboxFile (2)
[2016.11.28-17.10.23:721][749]LogModuleManager: Shutting down and abandoning module PakFile (1)
[2016.11.28-17.10.23:723][749]LogExit: Exiting.
[2016.11.28-17.10.23:736][749]Log file closed, 11/29/16 02:10:23
